0 info it worked if it ends with ok
1 verbose cli [ '/usr/local/bin/node',
1 verbose cli   '/usr/local/bin/npm',
1 verbose cli   'publish',
1 verbose cli   'utility-tool' ]
2 info using npm@3.10.10
3 info using node@v6.9.4
4 verbose publish [ 'utility-tool' ]
5 silly cache add args [ 'utility-tool', null ]
6 verbose cache add spec utility-tool
7 silly cache add parsed spec Result {
7 silly cache add   raw: 'utility-tool',
7 silly cache add   scope: null,
7 silly cache add   escapedName: 'utility-tool',
7 silly cache add   name: 'utility-tool',
7 silly cache add   rawSpec: '',
7 silly cache add   spec: 'latest',
7 silly cache add   type: 'tag' }
8 silly addNamed utility-tool@latest
9 verbose addNamed "latest" is being treated as a dist-tag for utility-tool
10 info addNameTag [ 'utility-tool', 'latest' ]
11 silly mapToRegistry name utility-tool
12 silly mapToRegistry using default registry
13 silly mapToRegistry registry https://registry.npmjs.org/
14 silly mapToRegistry data Result {
14 silly mapToRegistry   raw: 'utility-tool',
14 silly mapToRegistry   scope: null,
14 silly mapToRegistry   escapedName: 'utility-tool',
14 silly mapToRegistry   name: 'utility-tool',
14 silly mapToRegistry   rawSpec: '',
14 silly mapToRegistry   spec: 'latest',
14 silly mapToRegistry   type: 'tag' }
15 silly mapToRegistry uri https://registry.npmjs.org/utility-tool
16 verbose addNameTag registry:https://registry.npmjs.org/utility-tool not in flight; fetching
17 verbose request uri https://registry.npmjs.org/utility-tool
18 verbose request no auth needed
19 info attempt registry request try #1 at 10:28:33 PM
20 verbose request using bearer token for auth
21 verbose request id 25922c3366ae6d40
22 http request GET https://registry.npmjs.org/utility-tool
23 http 200 https://registry.npmjs.org/utility-tool
24 verbose headers { server: 'nginx/1.10.1',
24 verbose headers   'content-type': 'application/json',
24 verbose headers   'last-modified': 'Thu, 25 Aug 2016 22:11:20 GMT',
24 verbose headers   etag: 'W/"57bf6d08-5486"',
24 verbose headers   'content-encoding': 'gzip',
24 verbose headers   'cache-control': 'max-age=300',
24 verbose headers   'transfer-encoding': 'chunked',
24 verbose headers   'accept-ranges': 'bytes',
24 verbose headers   date: 'Fri, 17 Mar 2017 05:28:33 GMT',
24 verbose headers   via: '1.1 varnish',
24 verbose headers   connection: 'keep-alive',
24 verbose headers   'x-served-by': 'cache-sjc3644-SJC',
24 verbose headers   'x-cache': 'MISS',
24 verbose headers   'x-cache-hits': '0',
24 verbose headers   'x-timer': 'S1489728513.703026,VS0,VE86',
24 verbose headers   vary: 'Accept-Encoding' }
25 silly get cb [ 200,
25 silly get   { server: 'nginx/1.10.1',
25 silly get     'content-type': 'application/json',
25 silly get     'last-modified': 'Thu, 25 Aug 2016 22:11:20 GMT',
25 silly get     etag: 'W/"57bf6d08-5486"',
25 silly get     'content-encoding': 'gzip',
25 silly get     'cache-control': 'max-age=300',
25 silly get     'transfer-encoding': 'chunked',
25 silly get     'accept-ranges': 'bytes',
25 silly get     date: 'Fri, 17 Mar 2017 05:28:33 GMT',
25 silly get     via: '1.1 varnish',
25 silly get     connection: 'keep-alive',
25 silly get     'x-served-by': 'cache-sjc3644-SJC',
25 silly get     'x-cache': 'MISS',
25 silly get     'x-cache-hits': '0',
25 silly get     'x-timer': 'S1489728513.703026,VS0,VE86',
25 silly get     vary: 'Accept-Encoding' } ]
26 verbose get saving utility-tool to /Users/Nabeel/.npm/cache/registry.npmjs.org/utility-tool/.cache.json
27 verbose correctMkdir /Users/Nabeel/.npm/cache correctMkdir not in flight; initializing
28 silly addNameTag next cb for utility-tool with tag latest
29 silly addNamed utility-tool@1.0.12
30 verbose addNamed "1.0.12" is a plain semver version for utility-tool
31 silly mapToRegistry name utility-tool
32 silly mapToRegistry using default registry
33 silly mapToRegistry registry https://registry.npmjs.org/
34 silly mapToRegistry data Result {
34 silly mapToRegistry   raw: 'utility-tool',
34 silly mapToRegistry   scope: null,
34 silly mapToRegistry   escapedName: 'utility-tool',
34 silly mapToRegistry   name: 'utility-tool',
34 silly mapToRegistry   rawSpec: '',
34 silly mapToRegistry   spec: 'latest',
34 silly mapToRegistry   type: 'tag' }
35 silly mapToRegistry uri https://registry.npmjs.org/utility-tool
36 verbose addRemoteTarball https://registry.npmjs.org/utility-tool/-/utility-tool-1.0.12.tgz not in flight; adding
37 verbose addRemoteTarball [ 'https://registry.npmjs.org/utility-tool/-/utility-tool-1.0.12.tgz',
37 verbose addRemoteTarball   'bd05057a301bb965d76d761abac0f9d2ec5e16bd' ]
38 info retry fetch attempt 1 at 10:28:33 PM
39 info attempt registry request try #1 at 10:28:33 PM
40 http fetch GET https://registry.npmjs.org/utility-tool/-/utility-tool-1.0.12.tgz
41 verbose request using bearer token for auth
42 http fetch 200 https://registry.npmjs.org/utility-tool/-/utility-tool-1.0.12.tgz
43 silly fetchAndShaCheck shasum bd05057a301bb965d76d761abac0f9d2ec5e16bd
44 verbose addTmpTarball /var/folders/5j/mns30zsx1n754ckph2zl0k600000gn/T/npm-71026-f36ce989/registry.npmjs.org/utility-tool/-/utility-tool-1.0.12.tgz not in flight; adding
45 verbose addTmpTarball already have metadata; skipping unpack for utility-tool@1.0.12
46 verbose correctMkdir /Users/Nabeel/.npm/cache correctMkdir not in flight; initializing
47 silly cache afterAdd utility-tool@1.0.12
48 verbose afterAdd /Users/Nabeel/.npm/cache/utility-tool/1.0.12/package/package.json not in flight; writing
49 verbose correctMkdir /Users/Nabeel/.npm/cache correctMkdir not in flight; initializing
50 verbose afterAdd /Users/Nabeel/.npm/cache/utility-tool/1.0.12/package/package.json written
51 silly publish { author:
51 silly publish    { name: 'Dustin Zeigler',
51 silly publish      email: 'email@zeiglerd.com',
51 silly publish      url: 'zeiglerd.com' },
51 silly publish   bugs: { url: 'https://github.com/zeiglerd/utility-tool/issues' },
51 silly publish   dependencies: { chalk: '^1.1.3' },
51 silly publish   description: 'http://semver.org/',
51 silly publish   devDependencies:
51 silly publish    { chai: '^3.5.0',
51 silly publish      eslint: '^3.3.1',
51 silly publish      'eslint-config-airbnb': '^10.0.1',
51 silly publish      'eslint-plugin-import': '^1.13.0',
51 silly publish      'eslint-plugin-jsx-a11y': '^2.1.0',
51 silly publish      'eslint-plugin-react': '^6.1.2',
51 silly publish      expect: '^1.20.2',
51 silly publish      faker: '^3.1.0',
51 silly publish      gulp: '^3.9.1',
51 silly publish      mocha: '^3.0.0',
51 silly publish      sinon: '^1.17.5',
51 silly publish      'sinon-chai': '^2.8.0',
51 silly publish      supertest: '^2.0.0' },
51 silly publish   directories: { test: 'test' },
51 silly publish   engines: { node: 'v6.4.0', npm: '3.10.6' },
51 silly publish   homepage: 'https://github.com/zeiglerd/utility-tool#readme',
51 silly publish   license: 'ISC',
51 silly publish   main: 'src/index.js',
51 silly publish   name: 'utility-tool',
51 silly publish   eslintConfig:
51 silly publish    { env: { node: true },
51 silly publish      extends: 'airbnb',
51 silly publish      plugins: [ 'react' ],
51 silly publish      rules:
51 silly publish       { 'arrow-body-style': [Object],
51 silly publish         'global-require': 0,
51 silly publish         'import/no-extraneous-dependencies': [Object],
51 silly publish         'new-cap': 0,
51 silly publish         'no-console': [Object],
51 silly publish         'no-shadow': [Object],
51 silly publish         'prefer-template': 0 },
51 silly publish      globals: { describe: true, it: true, afterEach: true, beforeEach: true } },
51 silly publish   repository:
51 silly publish    { type: 'git',
51 silly publish      url: 'git+https://github.com/zeiglerd/utility-tool.git' },
51 silly publish   scripts: { start: 'node src/index.js', test: 'mocha' },
51 silly publish   version: '1.0.12',
51 silly publish   gitHead: '43f18f734421aa84a4e3ddc0379188bda1b081a9',
51 silly publish   _id: 'utility-tool@1.0.12',
51 silly publish   _shasum: 'bd05057a301bb965d76d761abac0f9d2ec5e16bd',
51 silly publish   _from: 'utility-tool@latest',
51 silly publish   _npmVersion: '3.10.3',
51 silly publish   _nodeVersion: '6.3.1',
51 silly publish   _npmUser: { name: 'zeiglerd', email: 'dustin.zeigler@fullsail.edu' },
51 silly publish   dist:
51 silly publish    { shasum: 'bd05057a301bb965d76d761abac0f9d2ec5e16bd',
51 silly publish      tarball: 'https://registry.npmjs.org/utility-tool/-/utility-tool-1.0.12.tgz' },
51 silly publish   maintainers: [ { name: 'zeiglerd', email: 'dustin.zeigler@fullsail.edu' } ],
51 silly publish   _npmOperationalInternal:
51 silly publish    { host: 'packages-16-east.internal.npmjs.com',
51 silly publish      tmp: 'tmp/utility-tool-1.0.12.tgz_1472163079952_0.09458217746578157' },
51 silly publish   _resolved: 'https://registry.npmjs.org/utility-tool/-/utility-tool-1.0.12.tgz' }
52 info lifecycle utility-tool@1.0.12~prepublish: utility-tool@1.0.12
53 silly lifecycle utility-tool@1.0.12~prepublish: no script for prepublish, continuing
54 verbose getPublishConfig undefined
55 silly mapToRegistry name utility-tool
56 silly mapToRegistry using default registry
57 silly mapToRegistry registry https://registry.npmjs.org/
58 silly mapToRegistry data Result {
58 silly mapToRegistry   raw: 'utility-tool',
58 silly mapToRegistry   scope: null,
58 silly mapToRegistry   escapedName: 'utility-tool',
58 silly mapToRegistry   name: 'utility-tool',
58 silly mapToRegistry   rawSpec: '',
58 silly mapToRegistry   spec: 'latest',
58 silly mapToRegistry   type: 'tag' }
59 silly mapToRegistry uri https://registry.npmjs.org/utility-tool
60 verbose publish registryBase https://registry.npmjs.org/
61 silly publish uploading /Users/Nabeel/.npm/cache/utility-tool/1.0.12/package.tgz
62 verbose request uri https://registry.npmjs.org/utility-tool
63 verbose request sending authorization for write operation
64 info attempt registry request try #1 at 10:28:33 PM
65 verbose request using bearer token for auth
66 http request PUT https://registry.npmjs.org/utility-tool
67 http 403 https://registry.npmjs.org/utility-tool
68 verbose headers { 'content-type': 'application/json',
68 verbose headers   'cache-control': 'max-age=300',
68 verbose headers   'content-length': '106',
68 verbose headers   'accept-ranges': 'bytes',
68 verbose headers   date: 'Fri, 17 Mar 2017 05:28:34 GMT',
68 verbose headers   via: '1.1 varnish',
68 verbose headers   connection: 'keep-alive',
68 verbose headers   'x-served-by': 'cache-sjc3644-SJC',
68 verbose headers   'x-cache': 'MISS',
68 verbose headers   'x-cache-hits': '0',
68 verbose headers   'x-timer': 'S1489728513.937669,VS0,VE98',
68 verbose headers   vary: 'Accept-Encoding' }
69 verbose request invalidating /Users/Nabeel/.npm/cache/registry.npmjs.org/utility-tool on PUT
70 error publish Failed PUT 403
71 verbose stack Error: you do not have permission to publish "utility-tool". Are you logged in as the correct user? : utility-tool
71 verbose stack     at makeError (/usr/local/lib/node_modules/npm/node_modules/npm-registry-client/lib/request.js:302:12)
71 verbose stack     at CachingRegistryClient.<anonymous> (/usr/local/lib/node_modules/npm/node_modules/npm-registry-client/lib/request.js:290:14)
71 verbose stack     at Request._callback (/usr/local/lib/node_modules/npm/node_modules/npm-registry-client/lib/request.js:210:14)
71 verbose stack     at Request.self.callback (/usr/local/lib/node_modules/npm/node_modules/request/request.js:187:22)
71 verbose stack     at emitTwo (events.js:106:13)
71 verbose stack     at Request.emit (events.js:191:7)
71 verbose stack     at Request.<anonymous> (/usr/local/lib/node_modules/npm/node_modules/request/request.js:1048:10)
71 verbose stack     at emitOne (events.js:96:13)
71 verbose stack     at Request.emit (events.js:188:7)
71 verbose stack     at IncomingMessage.<anonymous> (/usr/local/lib/node_modules/npm/node_modules/request/request.js:969:12)
72 verbose statusCode 403
73 verbose pkgid utility-tool
74 verbose cwd /Users/Nabeel/Documents/Full Sail World/Year 3/Web Deployment /march/utility-tool
75 error Darwin 16.4.0
76 error argv "/usr/local/bin/node" "/usr/local/bin/npm" "publish" "utility-tool"
77 error node v6.9.4
78 error npm  v3.10.10
79 error code E403
80 error you do not have permission to publish "utility-tool". Are you logged in as the correct user? : utility-tool
81 error If you need help, you may report this error at:
81 error     <https://github.com/npm/npm/issues>
82 verbose exit [ 1, true ]
